[debug] > Exec(early(addDefaultCommands), None, None)
[debug] > Exec(addDefaultCommands, None, None)
[debug] > Exec(early(initialize), None, None)
[debug] > Exec(initialize, None, None)
[debug] > Exec(early(addPluginSbtFile="""C:\Users\greyn\AppData\Local\Temp\idea.sbt"""), None, None)
[debug] > Exec(addPluginSbtFile="""C:\Users\greyn\AppData\Local\Temp\idea.sbt""", None, None)
[debug] > Exec(boot, None, None)
[debug] > Exec(writeSbtVersion, None, None)
[debug] > Exec(reload, None, None)
[debug] > Exec(sbtStashOnFailure, None, None)
[debug] > Exec(onFailure loadFailed, None, None)
[debug] > Exec(loadp, None, None)
[info] welcome to sbt 1.4.7 (Oracle Corporation Java 1.8.0_281)
[debug]       Load.loadUnit: plugins took 239.6918ms
[debug]       Load.loadUnit: defsScala took 0.6784ms
[debug] [Loading] Scanning directory C:\Users\greyn\.sbt\1.0\plugins
[debug] [Loading] Found non-root projects 
[debug] [Loading] Done in C:\Users\greyn\.sbt\1.0\plugins, returning: ()
[debug] deducing auto plugins based on known facts Set(Atom(sbt.plugins.CorePlugin)) and clauses Clauses(List(Clause(Atom(sbt.plugins.JvmPlugin),Set(Atom(sbt.plugins.IvyPlugin))), Clause(Atom(sbt.ScriptedPlugin),Set(Atom(sbt.plugins.JvmPlugin))), Clause(Atom(sbt.plugins.SbtPlugin),Set(Atom(sbt.ScriptedPlugin))), Clause(Atom(sbt.plugins.SemanticdbPlugin),Set(Atom(sbt.plugins.JvmPlugin))), Clause(Atom(sbt.plugins.JUnitXmlReportPlugin),Set(Atom(sbt.plugins.JvmPlugin))), Clause(Atom(sbt.plugins.MiniDependencyTreePlugin),Set(Atom(sbt.plugins.JvmPlugin))), Clause(Atom(sbt.plugins.CorePlugin),Set(Atom(sbt.plugins.IvyPlugin))), Clause(Atom(sbt.plugins.IvyPlugin),Set(Atom(sbt.plugins.JvmPlugin))), Clause(Atom(sbt.plugins.JvmPlugin),Set(Atom(sbt.plugins.SemanticdbPlugin))), Clause(Atom(sbt.plugins.JvmPlugin),Set(Atom(sbt.plugins.JUnitXmlReportPlugin))), Clause(Atom(sbt.plugins.CorePlugin),Set(Atom(sbt.plugins.Giter8TemplatePlugin))), Clause(Atom(sbt.plugins.JvmPlugin),Set(Atom(sbt.plugins.MiniDependencyTreePlugin)))))
[debug]   :: deduced result: Matched(sbt.plugins.CorePlugin,sbt.plugins.Giter8TemplatePlugin,sbt.plugins.IvyPlugin,sbt.plugins.JvmPlugin,sbt.plugins.MiniDependencyTreePlugin,sbt.plugins.JUnitXmlReportPlugin,sbt.plugins.SemanticdbPlugin)
[debug] Plugins.deducer#function took 42.348099 ms
[debug]           Load.resolveProject(global-plugins) took 125.1099ms
[debug]         Load.loadTransitive: finalizeProject(Project(id global-plugins, base: C:\Users\greyn\.sbt\1.0\plugins, plugins: List(<none>))) took 222.461699ms
[debug] [Loading] Done in C:\Users\greyn\.sbt\1.0\plugins, returning: (global-plugins)
[debug]       Load.loadUnit: loadedProjectsRaw took 298.9423ms
[debug]       Load.loadUnit: cleanEvalClasses took 0.3104ms
[debug]     Load.loadUnit(file:/C:/Users/greyn/.sbt/1.0/plugins/, ...) took 553.475ms
[debug]   Load.apply: load took 1219.7522ms
[debug]   Load.apply: resolveProjects took 34.5745ms
[debug]   Load.apply: finalTransforms took 120.7667ms
[debug]   Load.apply: config.delegates took 18.65ms
[debug]   Load.apply: Def.make(settings)... took 10308.316299ms
[debug]   Load.apply: structureIndex took 411.116301ms
[debug]   Load.apply: mkStreams took 31.5284ms
[info] loading global plugins from C:\Users\greyn\.sbt\1.0\plugins
[debug] Running task... Cancel: Signal, check cycles: false, forcegc: true
[debug] Load.defaultLoad until apply took 25138.4859ms
[debug]           Load.loadUnit: plugins took 51.940801ms
[debug]           Load.loadUnit: defsScala took 0.009301ms
[debug] [Loading] Scanning directory C:\Users\greyn\IdeaProjects\DB-Project\project
[debug]             Load.loadUnit: mkEval took 22.5116ms
[debug] [Loading] Found non-root projects 
[debug] [Loading] Done in C:\Users\greyn\IdeaProjects\DB-Project\project, returning: ()
[debug] deducing auto plugins based on known facts Set(Atom(sbt.plugins.CorePlugin)) and clauses Clauses(List(Clause(Atom(sbt.plugins.JvmPlugin),Set(Atom(sbt.plugins.IvyPlugin))), Clause(Atom(sbt.ScriptedPlugin),Set(Atom(sbt.plugins.JvmPlugin))), Clause(Atom(sbt.plugins.SbtPlugin),Set(Atom(sbt.ScriptedPlugin))), Clause(Atom(sbt.plugins.SemanticdbPlugin),Set(Atom(sbt.plugins.JvmPlugin))), Clause(Atom(sbt.plugins.JUnitXmlReportPlugin),Set(Atom(sbt.plugins.JvmPlugin))), Clause(Atom(sbt.plugins.MiniDependencyTreePlugin),Set(Atom(sbt.plugins.JvmPlugin))), Clause(Atom(sbt.plugins.CorePlugin),Set(Atom(sbt.plugins.IvyPlugin))), Clause(Atom(sbt.plugins.IvyPlugin),Set(Atom(sbt.plugins.JvmPlugin))), Clause(Atom(sbt.plugins.JvmPlugin),Set(Atom(sbt.plugins.SemanticdbPlugin))), Clause(Atom(sbt.plugins.JvmPlugin),Set(Atom(sbt.plugins.JUnitXmlReportPlugin))), Clause(Atom(sbt.plugins.CorePlugin),Set(Atom(sbt.plugins.Giter8TemplatePlugin))), Clause(Atom(sbt.plugins.JvmPlugin),Set(Atom(sbt.plugins.MiniDependencyTreePlugin)))))
[debug]   :: deduced result: Matched(sbt.plugins.CorePlugin,sbt.plugins.Giter8TemplatePlugin,sbt.plugins.IvyPlugin,sbt.plugins.JvmPlugin,sbt.plugins.MiniDependencyTreePlugin,sbt.plugins.JUnitXmlReportPlugin,sbt.plugins.SemanticdbPlugin)
[debug] Plugins.deducer#function took 3.7461 ms
[info] loading settings for project db-project-build from idea.sbt ...
[debug]               Load.resolveProject(db-project-build) took 6.9108ms
[debug]             Load.loadTransitive: finalizeProject(Project(id db-project-build, base: C:\Users\greyn\IdeaProjects\DB-Project\project, plugins: List(<none>))) took 11.566499ms
[debug] [Loading] Done in C:\Users\greyn\IdeaProjects\DB-Project\project, returning: (db-project-build)
[debug]           Load.loadUnit: loadedProjectsRaw took 355.701199ms
[debug]           Load.loadUnit: cleanEvalClasses took 9.7094ms
[debug]         Load.loadUnit(file:/C:/Users/greyn/IdeaProjects/DB-Project/project/, ...) took 419.359299ms
[debug]       Load.apply: load took 421.700999ms
[debug]       Load.apply: resolveProjects took 0.1841ms
[debug]       Load.apply: finalTransforms took 18.003ms
[debug]       Load.apply: config.delegates took 0.549499ms
[debug]       Load.apply: Def.make(settings)... took 135.9161ms
[debug]       Load.apply: structureIndex took 37.2532ms
[debug]       Load.apply: mkStreams took 0.0033ms
[info] loading project definition from C:\Users\greyn\IdeaProjects\DB-Project\project
[debug] Running task... Cancel: Signal, check cycles: false, forcegc: true
[debug]     Load.loadUnit: plugins took 2343.723299ms
[debug]     Load.loadUnit: defsScala took 0.007699ms
[debug] [Loading] Scanning directory C:\Users\greyn\IdeaProjects\DB-Project
[debug]       Load.loadUnit: mkEval took 0.471001ms
[debug] [Loading] Found non-root projects 
[debug] [Loading] Done in C:\Users\greyn\IdeaProjects\DB-Project, returning: ()
[debug] deducing auto plugins based on known facts Set(Atom(sbt.plugins.CorePlugin)) and clauses Clauses(List(Clause(Atom(sbt.plugins.JvmPlugin),Set(Atom(sbt.plugins.IvyPlugin))), Clause(Atom(sbt.ScriptedPlugin),Set(Atom(sbt.plugins.JvmPlugin))), Clause(Atom(sbt.plugins.SbtPlugin),Set(Atom(sbt.ScriptedPlugin))), Clause(Atom(sbt.plugins.SemanticdbPlugin),Set(Atom(sbt.plugins.JvmPlugin))), Clause(Atom(sbt.plugins.JUnitXmlReportPlugin),Set(Atom(sbt.plugins.JvmPlugin))), Clause(Atom(sbt.plugins.MiniDependencyTreePlugin),Set(Atom(sbt.plugins.JvmPlugin))), Clause(Atom(org.jetbrains.sbt.StructurePlugin),Set(Atom(sbt.plugins.JvmPlugin))), Clause(Atom(org.jetbrains.sbt.IdeaShellPlugin),Set(Atom(sbt.plugins.JvmPlugin))), Clause(Atom(org.jetbrains.sbt.indices.SbtIntellijIndicesPlugin),Set(Atom(sbt.plugins.JvmPlugin))), Clause(Atom(sbt.plugins.CorePlugin),Set(Atom(sbt.plugins.IvyPlugin))), Clause(Atom(sbt.plugins.IvyPlugin),Set(Atom(sbt.plugins.JvmPlugin))), Clause(Atom(sbt.plugins.JvmPlugin),Set(Atom(sbt.plugins.SemanticdbPlugin))), Clause(Atom(sbt.plugins.JvmPlugin),Set(Atom(sbt.plugins.JUnitXmlReportPlugin))), Clause(Atom(sbt.plugins.CorePlugin),Set(Atom(sbt.plugins.Giter8TemplatePlugin))), Clause(Atom(sbt.plugins.JvmPlugin),Set(Atom(sbt.plugins.MiniDependencyTreePlugin))), Clause(Atom(sbt.plugins.JvmPlugin),Set(Atom(org.jetbrains.sbt.StructurePlugin))), Clause(Atom(sbt.plugins.JvmPlugin),Set(Atom(org.jetbrains.sbt.IdeaShellPlugin))), Clause(And(Set(Atom(sbt.plugins.CorePlugin), Atom(sbt.plugins.JvmPlugin))),Set(Atom(org.jetbrains.sbt.indices.SbtIntellijIndicesPlugin)))))
[debug]   :: deduced result: Matched(sbt.plugins.CorePlugin,sbt.plugins.Giter8TemplatePlugin,sbt.plugins.IvyPlugin,sbt.plugins.JvmPlugin,sbt.plugins.SemanticdbPlugin,org.jetbrains.sbt.indices.SbtIntellijIndicesPlugin,sbt.plugins.JUnitXmlReportPlugin,org.jetbrains.sbt.IdeaShellPlugin,org.jetbrains.sbt.StructurePlugin,sbt.plugins.MiniDependencyTreePlugin)
[debug] Plugins.deducer#function took 4.0712 ms
[info] loading settings for project db-project from build.sbt ...
[debug]         Load.resolveProject(db-project) took 48.102699ms
[debug]       Load.loadTransitive: finalizeProject(Project(id db-project, base: C:\Users\greyn\IdeaProjects\DB-Project, plugins: List(<none>))) took 54.819499ms
[debug] [Loading] Done in C:\Users\greyn\IdeaProjects\DB-Project, returning: (db-project)
[debug]     Load.loadUnit: loadedProjectsRaw took 220.8587ms
[debug]     Load.loadUnit: cleanEvalClasses took 16.903801ms
[debug]   Load.loadUnit(file:/C:/Users/greyn/IdeaProjects/DB-Project/, ...) took 2582.4888ms
[debug] Load.apply: load took 2584.9789ms
[debug] Load.apply: resolveProjects took 0.1861ms
[debug] Load.apply: finalTransforms took 38.6964ms
[debug] Load.apply: config.delegates took 0.5903ms
[debug] Load.apply: Def.make(settings)... took 134.861899ms
[debug] Load.apply: structureIndex took 31.0821ms
[debug] Load.apply: mkStreams took 0.003401ms
[info] set current project to DB-Project (in build file:/C:/Users/greyn/IdeaProjects/DB-Project/)
[debug] > Exec(sbtPopOnFailure, None, None)
[debug] > Exec(resumeFromFailure, None, None)
[debug] > Exec(notifyUsersAboutShell, None, None)
[debug] > Exec(iflast shell, None, None)
[debug] > Exec(; set ideaPort in Global := 58215 ; idea-shell, None, None)
[debug] > Exec(set ideaPort in Global := 58215, None, None)
[info] Defining Global / ideaPort
[info] The new value will be used by Compile / compile, Test / compile
[debug] Defining 
[debug] 	Global / ideaPort
[debug] 
[debug] The new value will be used by 
[debug] 	Compile / compile
[debug] 	Test / compile
[info] Reapplying settings...
[info] set current project to DB-Project (in build file:/C:/Users/greyn/IdeaProjects/DB-Project/)
[debug] > Exec(idea-shell, None, None)
